d:\github\university_work\computer_graphics\gameframework\compiled\debug\vc142.pdb
d:\github\university_work\computer_graphics\gameframework\compiled\debug\vc142.idb
d:\github\university_work\computer_graphics\gameframework\compiled\debug\backbuffer.obj
d:\github\university_work\computer_graphics\gameframework\compiled\debug\cgameapp.obj
d:\github\university_work\computer_graphics\gameframework\compiled\debug\cplayer.obj
d:\github\university_work\computer_graphics\gameframework\compiled\debug\ctimer.obj
d:\github\university_work\computer_graphics\gameframework\compiled\debug\imagefile.obj
d:\github\university_work\computer_graphics\gameframework\compiled\debug\main.obj
d:\github\university_work\computer_graphics\gameframework\compiled\debug\resizeengine.obj
d:\github\university_work\computer_graphics\gameframework\compiled\debug\sprite.obj
d:\github\university_work\computer_graphics\gameframework\compiled\debug\vec2.obj
d:\github\university_work\computer_graphics\gameframework\compiled\debug\game.res
d:\github\university_work\computer_graphics\gameframework\compiled\debug\game.pdb
d:\github\university_work\computer_graphics\gameframework\compiled\debug\game.tlog\cl.command.1.tlog
d:\github\university_work\computer_graphics\gameframework\compiled\debug\game.tlog\cl.read.1.tlog
d:\github\university_work\computer_graphics\gameframework\compiled\debug\game.tlog\cl.write.1.tlog
d:\github\university_work\computer_graphics\gameframework\compiled\debug\game.tlog\link-cvtres.read.1.tlog
d:\github\university_work\computer_graphics\gameframework\compiled\debug\game.tlog\link-cvtres.write.1.tlog
d:\github\university_work\computer_graphics\gameframework\compiled\debug\game.tlog\link-rc.read.1.tlog
d:\github\university_work\computer_graphics\gameframework\compiled\debug\game.tlog\link-rc.write.1.tlog
d:\github\university_work\computer_graphics\gameframework\compiled\debug\game.tlog\link.command.1.tlog
d:\github\university_work\computer_graphics\gameframework\compiled\debug\game.tlog\link.read.1.tlog
d:\github\university_work\computer_graphics\gameframework\compiled\debug\game.tlog\link.write.1.tlog
d:\github\university_work\computer_graphics\gameframework\compiled\debug\game.tlog\rc.command.1.tlog
d:\github\university_work\computer_graphics\gameframework\compiled\debug\game.tlog\rc.read.1.tlog
d:\github\university_work\computer_graphics\gameframework\compiled\debug\game.tlog\rc.write.1.tlog
